<?xml version="1.0" encoding="UTF-8"?>
<!-- Generated by org.testng.reporters.JUnitReportReporter -->
<testsuite hostname="RajamanckamsMBP.grandenetworks.net" failures="0" tests="2" name="MyTests.TeatNGClasses" time="1.814" errors="0" timestamp="2020-07-02T20:45:52 CDT" skipped="0">
  <testcase classname="MyTests.TeatNGClasses" name="getusers" time="0.112"/>
  <testcase classname="MyTests.TeatNGClasses" name="createuser" time="1.702"/>
</testsuite> <!-- MyTests.TeatNGClasses -->
